GROUP,PACKAGE,CLASS,INSTRUCTION_MISSED,INSTRUCTION_COVERED,BRANCH_MISSED,BRANCH_COVERED,LINE_MISSED,LINE_COVERED,COMPLEXITY_MISSED,COMPLEXITY_COVERED,METHOD_MISSED,METHOD_COVERED
coverage/vip-api,fr.insalyon.creatis.vip.api.security,ApiSecurityConfig.CurrentUserProvider,7,46,1,7,3,16,1,7,0,4
coverage/vip-api,fr.insalyon.creatis.vip.api.security,VipAuthenticationEntryPoint,5,74,1,7,1,21,1,6,0,3
coverage/vip-api,fr.insalyon.creatis.vip.api.security,ApiSecurityConfig,20,230,2,2,6,47,4,9,2,9
coverage/vip-api,fr.insalyon.creatis.vip.api.security,EgiSecurityConfig,9,53,0,0,3,23,1,4,1,4
coverage/vip-api,fr.insalyon.creatis.vip.api.security.keycloak,PathBasedKeycloakConfigResolver,34,8,2,0,9,2,2,1,1,1
coverage/vip-api,fr.insalyon.creatis.vip.api.security.keycloak,SpringKeycloakPrincipal,11,0,0,0,4,0,2,0,2,0
coverage/vip-api,fr.insalyon.creatis.vip.api.security.keycloak,VipKeycloakAuthenticationProvider,83,14,2,0,23,5,2,1,1,1
coverage/vip-api,fr.insalyon.creatis.vip.api.controller.data,DataController,265,14,0,0,36,5,9,1,9,1
coverage/vip-api,fr.insalyon.creatis.vip.api.controller,EgiController,116,14,6,0,26,5,5,1,2,1
coverage/vip-api,fr.insalyon.creatis.vip.api.controller,PlatformController,2,169,1,3,1,34,1,6,0,5
coverage/vip-api,fr.insalyon.creatis.vip.api.controller,ApiKeyController.KeyInfo,17,0,0,0,7,0,5,0,5,0
coverage/vip-api,fr.insalyon.creatis.vip.api.controller,RegisterUserController,0,63,0,0,0,15,0,2,0,2
coverage/vip-api,fr.insalyon.creatis.vip.api.controller,RefreshTokenController,22,6,2,0,5,3,2,1,1,1
coverage/vip-api,fr.insalyon.creatis.vip.api.controller,ApiKeyController,94,14,2,0,23,5,5,1,4,1
coverage/vip-api,fr.insalyon.creatis.vip.api.controller,ExternalPlatformController,17,11,0,0,4,4,1,1,1,1
coverage/vip-api,fr.insalyon.creatis.vip.api.controller,ApiController,9,41,0,2,1,8,1,5,1,4
coverage/vip-api,fr.insalyon.creatis.vip.api.controller,RestExceptionHandler,7,148,1,1,1,31,1,9,0,9
coverage/vip-api,fr.insalyon.creatis.vip.api.controller,AuthenticationController,60,31,2,0,9,7,3,2,2,2
coverage/vip-api,fr.insalyon.creatis.vip.api.security.apikey,ApikeyAuthenticationToken,5,61,1,1,1,19,1,6,0,6
coverage/vip-api,fr.insalyon.creatis.vip.api.security.apikey,SpringApiPrincipal,4,34,1,1,1,11,2,9,1,9
coverage/vip-api,fr.insalyon.creatis.vip.api.security.apikey,ApikeyAuthenticationProvider,90,116,4,6,19,34,4,7,0,6
coverage/vip-api,fr.insalyon.creatis.vip.api.security.apikey,ApikeyAuthenticationFilter,0,102,0,2,0,31,0,4,0,3
coverage/vip-api,fr.insalyon.creatis.vip.api.exception,ApiException,11,30,0,0,4,10,2,4,2,4
coverage/vip-api,fr.insalyon.creatis.vip.api.exception,ApiException.ApiError,3,345,0,0,1,47,1,7,1,7
coverage/vip-api,fr.insalyon.creatis.vip.api.business,DataApiBusiness,1010,192,55,8,239,48,63,9,31,9
coverage/vip-api,fr.insalyon.creatis.vip.api.business,VipConfigurer,9,69,1,5,2,23,1,7,0,5
coverage/vip-api,fr.insalyon.creatis.vip.api.business,KeycloakBusiness,81,11,4,0,22,4,3,1,1,1
coverage/vip-api,fr.insalyon.creatis.vip.api.business,StatsApiBusiness,311,18,8,0,75,6,21,1,17,1
coverage/vip-api,fr.insalyon.creatis.vip.api.business,PipelineBusiness,139,483,13,33,24,106,13,28,1,17
coverage/vip-api,fr.insalyon.creatis.vip.api.business,ApiBusiness,35,107,3,3,8,27,4,5,1,5
coverage/vip-api,fr.insalyon.creatis.vip.api.business,ExecutionBusiness,355,694,46,54,77,159,41,34,3,20
coverage/vip-api,fr.insalyon.creatis.vip.api.business,ApiUserBusiness,21,86,0,2,6,23,0,5,0,4
coverage/vip-api,fr.insalyon.creatis.vip.api.controller.processing,ExecutionController,82,273,5,5,14,46,8,12,3,12
coverage/vip-api,fr.insalyon.creatis.vip.api.controller.processing,PipelineController,52,85,2,0,12,17,2,7,1,7
coverage/vip-api,fr.insalyon.creatis.vip.api.controller.processing,PublicationController,17,11,0,0,4,4,1,1,1,1
coverage/vip-api,fr.insalyon.creatis.vip.api.security.egi,EgiSecurityClientConfig,0,87,0,0,0,18,0,3,0,3
coverage/vip-api,fr.insalyon.creatis.vip.api.controller.stats,StatsController,305,11,2,0,41,4,16,1,15,1
coverage/vip-api,fr.insalyon.creatis.vip.api.model,ExistsApiResponse,16,0,0,0,8,0,4,0,4,0
coverage/vip-api,fr.insalyon.creatis.vip.api.model,Pipeline,3,42,0,0,2,15,1,8,1,8
coverage/vip-api,fr.insalyon.creatis.vip.api.model,AuthenticationInfo,0,17,0,0,0,7,0,5,0,5
coverage/vip-api,fr.insalyon.creatis.vip.api.model,Execution,30,108,1,1,14,40,8,20,7,20
coverage/vip-api,fr.insalyon.creatis.vip.api.model,ExecutionStatus,29,103,4,0,3,13,3,3,1,3
coverage/vip-api,fr.insalyon.creatis.vip.api.model,SignUpUserDTO,0,82,0,0,0,34,0,17,0,17
coverage/vip-api,fr.insalyon.creatis.vip.api.model,UploadDataType,39,0,0,0,5,0,3,0,3,0
coverage/vip-api,fr.insalyon.creatis.vip.api.model,AuthenticationCredentials,0,17,0,0,0,7,0,5,0,5
coverage/vip-api,fr.insalyon.creatis.vip.api.model,PlatformProperties,12,82,0,0,6,34,3,24,3,24
coverage/vip-api,fr.insalyon.creatis.vip.api.model,PathProperties,4,48,0,0,2,20,1,14,1,14
coverage/vip-api,fr.insalyon.creatis.vip.api.model,SupportedTransferProtocol,4,78,0,0,1,9,1,2,1,2
coverage/vip-api,fr.insalyon.creatis.vip.api.model,DeleteExecutionConfiguration,0,10,0,0,0,4,0,3,0,3
coverage/vip-api,fr.insalyon.creatis.vip.api.model,UploadData,24,0,0,0,10,0,7,0,7,0
coverage/vip-api,fr.insalyon.creatis.vip.api.model,ErrorCodeAndMessage,6,26,0,0,3,11,1,6,1,6
coverage/vip-api,fr.insalyon.creatis.vip.api.model,PipelineParameter,3,39,0,0,1,14,1,7,1,7
coverage/vip-api,fr.insalyon.creatis.vip.api.model,ParameterType,16,87,7,6,3,8,5,6,0,3
coverage/vip-api,fr.insalyon.creatis.vip.api.model,ResetPasswordDTO,24,0,0,0,10,0,7,0,7,0
coverage/vip-api,fr.insalyon.creatis.vip.api.model,Module,29,70,4,0,4,10,3,3,1,3
coverage/vip-api,fr.insalyon.creatis.vip.api.model,EmailDTO,10,0,0,0,4,0,3,0,3,0
coverage/vip-api,fr.insalyon.creatis.vip.api.model.stats,UsersNumber,36,0,0,0,15,0,8,0,8,0
coverage/vip-api,fr.insalyon.creatis.vip.api.model.stats,StatUser,76,0,0,0,31,0,16,0,16,0
coverage/vip-api,fr.insalyon.creatis.vip.api.model.stats,UsersList,28,0,0,0,11,0,6,0,6,0
coverage/vip-api,fr.insalyon.creatis.vip.api,SpringWebConfig,0,70,0,0,0,16,0,6,0,6
coverage/vip-api,fr.insalyon.creatis.vip.api,ApiPropertiesInitializer,17,138,1,1,4,31,1,4,0,4
coverage/vip-application,fr.insalyon.creatis.vip.application.server.dao.mysql,EngineData,99,179,7,5,17,46,4,9,0,7
coverage/vip-application,fr.insalyon.creatis.vip.application.server.dao.mysql,ApplicationInputData,567,12,16,0,131,4,17,2,9,2
coverage/vip-application,fr.insalyon.creatis.vip.application.server.dao.mysql,PublicExecutionData,302,12,14,0,77,4,12,2,5,2
coverage/vip-application,fr.insalyon.creatis.vip.application.server.dao.mysql,ApplicationDataInitializer,0,79,0,0,0,17,0,2,0,2
coverage/vip-application,fr.insalyon.creatis.vip.application.server.dao.mysql,ClassData,184,430,11,25,28,111,8,21,0,10
coverage/vip-application,fr.insalyon.creatis.vip.application.server.dao.mysql,ApplicationData,488,817,23,37,103,211,21,31,5,17
coverage/vip-application,fr.insalyon.creatis.vip.application.server.business.simulation.parser,InputParser,170,0,22,0,44,0,16,0,5,0
coverage/vip-application,fr.insalyon.creatis.vip.application.server.business.simulation.parser,AbstractWorkflowParser,0,47,0,0,0,10,0,4,0,4
coverage/vip-application,fr.insalyon.creatis.vip.application.server.business.simulation.parser,InputM2Parser,133,121,15,11,39,32,8,11,0,6
coverage/vip-application,fr.insalyon.creatis.vip.application.server.business.simulation.parser,GwendiaParser,0,112,0,14,0,26,0,11,0,4
coverage/vip-application,fr.insalyon.creatis.vip.application.client.bean,AppVersion,6,51,0,0,3,17,2,8,2,8
coverage/vip-application,fr.insalyon.creatis.vip.application.client.bean,Simulation,28,61,0,0,9,22,6,10,6,10
coverage/vip-application,fr.insalyon.creatis.vip.application.client.bean,ExpeSummaryTriple,24,0,0,0,9,0,5,0,5,0
coverage/vip-application,fr.insalyon.creatis.vip.application.client.bean,Application,21,65,0,0,8,20,4,10,4,10
coverage/vip-application,fr.insalyon.creatis.vip.application.client.bean,ApplicationStatus,24,0,0,0,11,0,7,0,7,0
coverage/vip-application,fr.insalyon.creatis.vip.application.client.bean,Descriptor,11,15,0,0,6,6,3,3,3,3
coverage/vip-application,fr.insalyon.creatis.vip.application.client.bean,InOutData,13,15,0,0,6,6,4,2,4,2
coverage/vip-application,fr.insalyon.creatis.vip.application.client.bean,ExpeSummaryEntity,18,0,0,0,7,0,4,0,4,0
coverage/vip-application,fr.insalyon.creatis.vip.application.client.bean,Engine,3,25,0,0,2,10,1,5,1,5
coverage/vip-application,fr.insalyon.creatis.vip.application.client.bean,Activity,36,0,0,0,14,0,7,0,7,0
coverage/vip-application,fr.insalyon.creatis.vip.application.client.bean,AppClass,3,27,0,0,2,10,1,5,1,5
coverage/vip-application,fr.insalyon.creatis.vip.application.client.bean,Job,18,18,0,0,9,7,5,3,5,3
coverage/vip-application,fr.insalyon.creatis.vip.application.client.bean,Task,99,12,0,0,41,5,21,1,21,1
coverage/vip-application,fr.insalyon.creatis.vip.application.client.bean,Source,17,61,0,0,8,20,5,9,5,9
coverage/vip-application,fr.insalyon.creatis.vip.application.client.bean,SimulationInput,24,0,0,0,10,0,5,0,5,0
coverage/vip-application,fr.insalyon.creatis.vip.application.client.bean,Node,54,0,0,0,20,0,10,0,10,0
coverage/vip-application,fr.insalyon.creatis.vip.application.client.bean.boutiquesTools,BoutiquesInput,47,48,0,0,19,17,14,6,14,6
coverage/vip-application,fr.insalyon.creatis.vip.application.client.bean.boutiquesTools,BoutiquesOutputFile,66,0,0,0,28,0,19,0,19,0
coverage/vip-application,fr.insalyon.creatis.vip.application.client.bean.boutiquesTools,BoutiquesFlagInput,31,0,0,0,10,0,7,0,7,0
coverage/vip-application,fr.insalyon.creatis.vip.application.client.bean.boutiquesTools,BoutiquesNumberInput,15,37,0,0,6,10,5,3,5,3
coverage/vip-application,fr.insalyon.creatis.vip.application.client.bean.boutiquesTools,BoutiquesStringInput,7,19,0,0,4,4,2,2,2,2
coverage/vip-application,fr.insalyon.creatis.vip.application.client.bean.boutiquesTools,BoutiquesApplicationExtensions,58,0,0,0,15,0,7,0,7,0
coverage/vip-application,fr.insalyon.creatis.vip.application.client.bean.boutiquesTools,BoutiquesApplication,240,74,5,1,67,23,48,12,45,12
coverage/vip-application,fr.insalyon.creatis.vip.application.client.bean.boutiquesTools,BoutiquesGroup,36,0,0,0,14,0,7,0,7,0
coverage/vip-application,fr.insalyon.creatis.vip.application.client.bean.boutiquesTools,BoutiquesInput.InputType,0,59,0,0,0,6,0,3,0,3
coverage/vip-application,fr.insalyon.creatis.vip.application.server.business,WorkflowBusiness,956,637,64,43,197,156,58,31,14,20
coverage/vip-application,fr.insalyon.creatis.vip.application.server.business,ReproVipBusiness,810,29,40,0,183,10,36,1,16,1
coverage/vip-application,fr.insalyon.creatis.vip.application.server.business,WorkflowExecutionBusiness,72,96,1,1,15,26,1,7,0,7
coverage/vip-application,fr.insalyon.creatis.vip.application.server.business,EngineBusiness,18,34,0,0,6,15,0,5,0,5
coverage/vip-application,fr.insalyon.creatis.vip.application.server.business,SimulationBusiness,579,54,50,2,134,13,47,3,18,2
coverage/vip-application,fr.insalyon.creatis.vip.application.server.business,ApplicationBusiness,181,316,7,9,55,74,11,29,6,26
coverage/vip-application,fr.insalyon.creatis.vip.application.server.business,ClassBusiness,30,93,0,4,10,27,0,11,0,9
coverage/vip-application,fr.insalyon.creatis.vip.application.server.business,BoutiquesBusiness.CommandErrorException,12,0,0,0,4,0,2,0,2,0
coverage/vip-application,fr.insalyon.creatis.vip.application.server.business,BoutiquesBusiness,302,27,14,0,74,8,17,2,10,2
coverage/vip-application,fr.insalyon.creatis.vip.application.server.business,InputBusiness,120,9,0,0,39,4,10,1,10,1
coverage/vip-application,fr.insalyon.creatis.vip.application.server.business.util,ProxyUtil,55,0,2,0,14,0,4,0,3,0
coverage/vip-application,fr.insalyon.creatis.vip.application.server.business.util,FileUtil,50,0,4,0,12,0,5,0,3,0
coverage/vip-application,fr.insalyon.creatis.vip.application.server.dao.hibernate,SimulationStatsData,774,11,16,0,147,4,12,1,4,1
coverage/vip-application,fr.insalyon.creatis.vip.application.server.dao.h2,ExecutionNodeData,90,0,0,0,18,0,2,0,2,0
coverage/vip-application,fr.insalyon.creatis.vip.application.server.dao.h2,AbstractJobData,104,0,2,0,32,0,6,0,5,0
coverage/vip-application,fr.insalyon.creatis.vip.application.server.dao.h2,SimulationData,938,0,60,0,223,0,51,0,21,0
coverage/vip-application,fr.insalyon.creatis.vip.application.server.model.boutiques,Group,57,0,0,0,23,0,15,0,15,0
coverage/vip-application,fr.insalyon.creatis.vip.application.server.model.boutiques,BoutiquesDescriptor,48,158,0,0,24,56,12,37,12,37
coverage/vip-application,fr.insalyon.creatis.vip.application.server.model.boutiques,ContainerImage,16,48,0,0,8,18,4,13,4,13
coverage/vip-application,fr.insalyon.creatis.vip.application.server.model.boutiques,OutputFile,28,81,0,0,14,29,7,20,7,20
coverage/vip-application,fr.insalyon.creatis.vip.application.server.model.boutiques,ValueDisables,18,0,0,0,5,0,3,0,3,0
coverage/vip-application,fr.insalyon.creatis.vip.application.server.model.boutiques,ValueRequires,18,0,0,0,5,0,3,0,3,0
coverage/vip-application,fr.insalyon.creatis.vip.application.server.model.boutiques,TestOutputFile,32,0,0,0,11,0,7,0,7,0
coverage/vip-application,fr.insalyon.creatis.vip.application.server.model.boutiques,BoutiquesDescriptor.SchemaVersion,8,61,1,3,2,13,2,5,1,4
coverage/vip-application,fr.insalyon.creatis.vip.application.server.model.boutiques,Custom,0,18,0,0,0,5,0,3,0,3
coverage/vip-application,fr.insalyon.creatis.vip.application.server.model.boutiques,EnvironmentVariable,24,0,0,0,10,0,7,0,7,0
coverage/vip-application,fr.insalyon.creatis.vip.application.server.model.boutiques,Invocation,18,0,0,0,5,0,3,0,3,0
coverage/vip-application,fr.insalyon.creatis.vip.application.server.model.boutiques,Input,60,126,0,0,30,46,15,34,15,34
coverage/vip-application,fr.insalyon.creatis.vip.application.server.model.boutiques,Input.Type,8,94,1,3,2,16,2,5,1,4
coverage/vip-application,fr.insalyon.creatis.vip.application.server.model.boutiques,Test,39,0,0,0,14,0,9,0,9,0
coverage/vip-application,fr.insalyon.creatis.vip.application.server.model.boutiques,ContainerImage.Type,8,83,1,3,2,15,2,5,1,4
coverage/vip-application,fr.insalyon.creatis.vip.application.server.model.boutiques,InvocationSchema,18,0,0,0,5,0,3,0,3,0
coverage/vip-application,fr.insalyon.creatis.vip.application.server.model.boutiques,Assertions,37,0,0,0,12,0,7,0,7,0
coverage/vip-application,fr.insalyon.creatis.vip.application.server.model.boutiques,ErrorCode,0,17,0,0,0,7,0,5,0,5
coverage/vip-application,fr.insalyon.creatis.vip.application.server.model.boutiques,SuggestedResources,33,20,0,0,12,8,9,4,9,4
coverage/vip-application,fr.insalyon.creatis.vip.application.server.model.boutiques,Tags,18,0,0,0,5,0,3,0,3,0
coverage/vip-application,fr.insalyon.creatis.vip.application.server.model.boutiques,ConditionalPathTemplate,25,0,0,0,8,0,5,0,5,0
coverage/vip-application,fr.insalyon.creatis.vip.application.server,SpringApplicationConfig,0,31,0,0,0,8,0,8,0,8
coverage/vip-application,fr.insalyon.creatis.vip.application.server.business.simulation,WebServiceEngine,180,4,7,0,45,2,14,1,9,1
coverage/vip-application,fr.insalyon.creatis.vip.application.server.business.simulation,ParameterSweep,0,23,0,0,0,8,0,4,0,4
coverage/vip-application,fr.insalyon.creatis.vip.application.server.business.simulation,WebServiceEngine.MoteurStatus,44,0,0,0,2,0,1,0,1,0
coverage/vip-application,fr.insalyon.creatis.vip.application.server.business.simulation,WorkflowEngineInstantiator,121,0,8,0,33,0,11,0,7,0
coverage/vip-application-importer,fr.insalyon.creatis.vip.applicationimporter.server.business,TargzUtils,81,77,6,4,13,22,4,5,0,4
coverage/vip-application-importer,fr.insalyon.creatis.vip.applicationimporter.server.business,VelocityUtils,79,106,0,0,17,24,2,3,2,3
coverage/vip-application-importer,fr.insalyon.creatis.vip.applicationimporter.server.business,ApplicationImporterBusiness,496,32,26,0,95,11,19,1,6,1
coverage/vip-core,fr.insalyon.creatis.vip.core.server.dao,DAOException,0,13,0,0,0,6,0,3,0,3
coverage/vip-core,fr.insalyon.creatis.vip.core.client.bean,Account,37,0,0,0,16,0,7,0,7,0
coverage/vip-core,fr.insalyon.creatis.vip.core.client.bean,TermsOfUse,23,9,0,0,11,4,5,2,5,2
coverage/vip-core,fr.insalyon.creatis.vip.core.client.bean,PublicExecution,79,3,0,0,25,1,12,1,12,1
coverage/vip-core,fr.insalyon.creatis.vip.core.client.bean,User,80,312,9,17,22,88,16,48,10,41
coverage/vip-core,fr.insalyon.creatis.vip.core.client.bean,Group,8,38,0,0,4,16,2,8,2,8
coverage/vip-core,fr.insalyon.creatis.vip.core.client.bean,UsageStats,26,0,0,0,12,0,6,0,6,0
coverage/vip-core,fr.insalyon.creatis.vip.core.client.bean,PublicExecution.PublicExecutionStatus,0,34,0,0,0,4,0,1,0,1
coverage/vip-core,fr.insalyon.creatis.vip.core.server.business.proxy,ProxyClient.MyTrustManager,335,0,26,0,80,0,19,0,6,0
coverage/vip-core,fr.insalyon.creatis.vip.core.server.business.proxy,ProxyClient,963,32,76,0,238,11,54,1,16,1
coverage/vip-core,fr.insalyon.creatis.vip.core.server,SpringCoreConfig,9,134,1,7,2,36,1,16,0,13
coverage/vip-core,fr.insalyon.creatis.vip.core.server,DataSourceConfig,0,9,0,0,0,2,0,2,0,2
coverage/vip-core,fr.insalyon.creatis.vip.core.server.dao.mysql,UserData,1041,985,43,31,246,268,38,38,12,27
coverage/vip-core,fr.insalyon.creatis.vip.core.server.dao.mysql,TermsUseData,11,64,0,2,3,20,0,5,0,4
coverage/vip-core,fr.insalyon.creatis.vip.core.server.dao.mysql,TableInitializer,6,51,1,3,1,13,1,4,0,3
coverage/vip-core,fr.insalyon.creatis.vip.core.server.dao.mysql,CoreDataInitializer,18,161,0,8,6,42,0,9,0,5
coverage/vip-core,fr.insalyon.creatis.vip.core.server.dao.mysql,GroupData,53,153,3,3,11,41,2,7,0,6
coverage/vip-core,fr.insalyon.creatis.vip.core.server.dao.mysql,UsersGroupsData,231,297,14,14,55,75,12,12,3,7
coverage/vip-core,fr.insalyon.creatis.vip.core.server.business,BusinessException,15,14,0,0,6,6,3,3,3,3
coverage/vip-core,fr.insalyon.creatis.vip.core.server.business,SpringConfigServer.ReloadablePropertySource,0,21,0,0,0,5,0,2,0,2
coverage/vip-core,fr.insalyon.creatis.vip.core.server.business,VipSessionBusiness,338,14,24,0,81,5,23,1,11,1
coverage/vip-core,fr.insalyon.creatis.vip.core.server.business,StatsBusiness.UserSearchCriteria,35,0,0,0,13,0,9,0,9,0
coverage/vip-core,fr.insalyon.creatis.vip.core.server.business,ConfigurationBusiness,779,1369,54,62,200,340,45,74,7,54
coverage/vip-core,fr.insalyon.creatis.vip.core.server.business,EmailBusiness,35,11,0,0,6,4,1,1,1,1
coverage/vip-core,fr.insalyon.creatis.vip.core.server.business,SamlTokenValidator,215,0,18,0,55,0,17,0,8,0
coverage/vip-core,fr.insalyon.creatis.vip.core.server.business,SpringConfigServer,317,334,4,10,56,83,43,25,39,22
coverage/vip-core,fr.insalyon.creatis.vip.core.server.business,CoreUtil,12,18,4,2,4,5,4,2,1,2
coverage/vip-core,fr.insalyon.creatis.vip.core.server.business,StatsBusiness,22,6,0,0,6,3,2,1,2,1
coverage/vip-core,fr.insalyon.creatis.vip.core.server.auth,SamlAuthenticationService,221,0,12,0,51,0,11,0,5,0
coverage/vip-core,fr.insalyon.creatis.vip.core.server.auth,AbstractAuthenticationService,230,0,6,0,78,0,15,0,12,0
coverage/vip-datamanager,fr.insalyon.creatis.vip.datamanager.server.business,ShanoirStorageBusiness,236,8,16,0,40,2,13,1,5,1
coverage/vip-datamanager,fr.insalyon.creatis.vip.datamanager.server.business,LfcPathsBusiness,72,340,7,29,17,74,9,19,2,8
coverage/vip-datamanager,fr.insalyon.creatis.vip.datamanager.server.business,ExternalPlatformBusiness.ParseResult,0,9,0,0,0,4,0,1,0,1
coverage/vip-datamanager,fr.insalyon.creatis.vip.datamanager.server.business,TransferPoolBusiness,642,20,20,0,136,7,23,1,13,1
coverage/vip-datamanager,fr.insalyon.creatis.vip.datamanager.server.business,SrmStorageBusiness,59,11,4,0,15,4,5,1,3,1
coverage/vip-datamanager,fr.insalyon.creatis.vip.datamanager.server.business,DataManagerBusiness,331,75,16,0,86,17,21,2,13,2
coverage/vip-datamanager,fr.insalyon.creatis.vip.datamanager.server.business,GirderStorageBusiness.HttpResult,9,0,0,0,4,0,1,0,1,0
coverage/vip-datamanager,fr.insalyon.creatis.vip.datamanager.server.business,ExternalPlatformBusiness,127,31,9,1,27,9,8,2,2,2
coverage/vip-datamanager,fr.insalyon.creatis.vip.datamanager.server.business,GirderStorageBusiness,334,14,16,0,68,5,19,1,11,1
coverage/vip-datamanager,fr.insalyon.creatis.vip.datamanager.server.business,LFCPermissionBusiness,160,152,32,20,39,35,25,8,2,5
coverage/vip-datamanager,fr.insalyon.creatis.vip.datamanager.server.business,ApiKeyBusiness,74,11,6,0,19,4,7,1,4,1
coverage/vip-datamanager,fr.insalyon.creatis.vip.datamanager.server.business,ShanoirStorageBusiness.UrlKeys,203,0,0,0,22,0,3,0,3,0
coverage/vip-datamanager,fr.insalyon.creatis.vip.datamanager.server.business,LFCPermissionBusiness.LFCAccessType,0,34,0,0,0,2,0,1,0,1
coverage/vip-datamanager,fr.insalyon.creatis.vip.datamanager.server.business,LFCBusiness,318,75,9,3,58,17,10,4,5,3
coverage/vip-datamanager,fr.insalyon.creatis.vip.datamanager.client.bean,PoolOperation,64,0,0,0,24,0,12,0,12,0
coverage/vip-datamanager,fr.insalyon.creatis.vip.datamanager.client.bean,DMCachedFile,36,0,0,0,14,0,7,0,7,0
coverage/vip-datamanager,fr.insalyon.creatis.vip.datamanager.client.bean,SSH,148,0,0,0,54,0,27,0,27,0
coverage/vip-datamanager,fr.insalyon.creatis.vip.datamanager.client.bean,TransferType,34,0,0,0,4,0,1,0,1,0
coverage/vip-datamanager,fr.insalyon.creatis.vip.datamanager.client.bean,ExternalPlatform.Type,34,0,0,0,4,0,1,0,1,0
coverage/vip-datamanager,fr.insalyon.creatis.vip.datamanager.client.bean,DMZombieFile,18,0,0,0,8,0,4,0,4,0
coverage/vip-datamanager,fr.insalyon.creatis.vip.datamanager.client.bean,UserApiKey,47,0,0,0,16,0,9,0,9,0
coverage/vip-datamanager,fr.insalyon.creatis.vip.datamanager.client.bean,Data.Type,0,44,0,0,0,2,0,1,0,1
coverage/vip-datamanager,fr.insalyon.creatis.vip.datamanager.client.bean,Data,27,30,0,0,9,11,6,4,6,4
coverage/vip-datamanager,fr.insalyon.creatis.vip.datamanager.client.bean,PoolOperation.Status,54,0,0,0,2,0,1,0,1,0
coverage/vip-datamanager,fr.insalyon.creatis.vip.datamanager.client.bean,ExternalPlatform,52,0,0,0,22,0,15,0,15,0
coverage/vip-datamanager,fr.insalyon.creatis.vip.datamanager.client.bean,PoolOperation.Type,34,0,0,0,2,0,1,0,1,0
coverage/vip-datamanager,fr.insalyon.creatis.vip.datamanager.server,DataManagerUtil,48,0,2,0,8,0,5,0,4,0
coverage/vip-datamanager,fr.insalyon.creatis.vip.datamanager.server.dao.mysql,DataManagerDataInitializer,0,45,0,0,0,12,0,2,0,2
coverage/vip-datamanager,fr.insalyon.creatis.vip.datamanager.server.dao.mysql,ApiKeysData,199,12,4,0,48,4,6,2,4,2
coverage/vip-datamanager,fr.insalyon.creatis.vip.datamanager.server.dao.mysql,ExternalPlatformData,174,12,4,0,42,4,5,2,3,2
coverage/vip-datamanager,fr.insalyon.creatis.vip.datamanager.server.dao.mysql,SSHData,510,12,14,0,106,4,13,2,6,2
coverage/vip-gatelab,fr.insalyon.creatis.vip.gatelab.server.dao.derby,GateLabData,94,0,4,0,27,0,5,0,3,0
coverage/vip-gatelab,fr.insalyon.creatis.vip.gatelab.server.business,GateLabBusiness,129,23,4,0,37,8,9,1,7,1
coverage/vip-gatelab,fr.insalyon.creatis.vip.gatelab.server.business,GateLabInputsParser,97,0,8,0,26,0,9,0,5,0
coverage/vip-gatelab,fr.insalyon.creatis.vip.gatelab.server.business,GateLabInputs,125,0,2,0,31,0,7,0,6,0
coverage/vip-publication,fr.insalyon.creatis.vip.publication.client.bean,Publication,4,146,0,0,2,58,1,21,1,21
coverage/vip-publication,fr.insalyon.creatis.vip.publication.server.business,PublicationBusiness,18,54,0,0,6,20,0,6,0,6
coverage/vip-publication,fr.insalyon.creatis.vip.publication.server.dao,PublicationDataInitializer,0,25,0,0,0,8,0,2,0,2
coverage/vip-publication,fr.insalyon.creatis.vip.publication.server.dao.mysql,PublicationData,35,296,0,4,9,62,0,9,0,7
coverage/vip-social,fr.insalyon.creatis.vip.social.client.bean,Message,9,61,0,0,4,18,3,8,3,8
coverage/vip-social,fr.insalyon.creatis.vip.social.client.bean,GroupMessage,12,36,0,0,5,13,4,5,4,5
coverage/vip-social,fr.insalyon.creatis.vip.social.server.business,MessageBusiness,65,335,3,19,20,75,3,21,0,13
coverage/vip-social,fr.insalyon.creatis.vip.social.server.dao.mysql,MessagingDataInitializer,0,37,0,0,0,10,0,2,0,2
coverage/vip-social,fr.insalyon.creatis.vip.social.server.dao.mysql,MessageData,125,407,1,9,21,98,1,13,0,9
coverage/vip-social,fr.insalyon.creatis.vip.social.server.dao.mysql,GroupMessageData,25,177,0,2,6,40,0,5,0,4
coverage/vip-visualization,fr.insalyon.creatis.vip.visualization.server.business,VisualizationBusiness.FilenameAndExtension,9,0,0,0,4,0,1,0,1,0
coverage/vip-visualization,fr.insalyon.creatis.vip.visualization.server.business,VisualizationBusiness,352,17,8,0,78,6,14,1,10,1
coverage/vip-visualization,fr.insalyon.creatis.vip.visualization.client.bean,Image,24,0,0,0,9,0,5,0,5,0
coverage/vip-visualization,fr.insalyon.creatis.vip.visualization.client.bean,VisualizationItem,26,0,0,0,11,0,6,0,6,0
