GROUP,PACKAGE,CLASS,INSTRUCTION_MISSED,INSTRUCTION_COVERED,BRANCH_MISSED,BRANCH_COVERED,LINE_MISSED,LINE_COVERED,COMPLEXITY_MISSED,COMPLEXITY_COVERED,METHOD_MISSED,METHOD_COVERED
coverage/vip-api,fr.insalyon.creatis.vip.api.security,ApiSecurityConfig.CurrentUserProvider,9,44,2,6,4,15,2,6,0,4
coverage/vip-api,fr.insalyon.creatis.vip.api.security,VipAuthenticationEntryPoint,68,11,8,0,18,4,6,1,2,1
coverage/vip-api,fr.insalyon.creatis.vip.api.security,ApiSecurityConfig,29,221,2,2,9,44,5,8,3,8
coverage/vip-api,fr.insalyon.creatis.vip.api.security,EgiSecurityConfig,0,62,0,0,0,26,0,5,0,5
coverage/vip-api,fr.insalyon.creatis.vip.api.security.keycloak,PathBasedKeycloakConfigResolver,34,8,2,0,9,2,2,1,1,1
coverage/vip-api,fr.insalyon.creatis.vip.api.security.keycloak,SpringKeycloakPrincipal,11,0,0,0,4,0,2,0,2,0
coverage/vip-api,fr.insalyon.creatis.vip.api.security.keycloak,VipKeycloakAuthenticationProvider,83,14,2,0,23,5,2,1,1,1
coverage/vip-api,fr.insalyon.creatis.vip.api.controller.data,DataController,265,14,0,0,36,5,9,1,9,1
coverage/vip-api,fr.insalyon.creatis.vip.api.controller,EgiController,116,14,6,0,26,5,5,1,2,1
coverage/vip-api,fr.insalyon.creatis.vip.api.controller,PlatformController,2,169,1,3,1,35,1,6,0,5
coverage/vip-api,fr.insalyon.creatis.vip.api.controller,ApiKeyController.KeyInfo,17,0,0,0,7,0,5,0,5,0
coverage/vip-api,fr.insalyon.creatis.vip.api.controller,RegisterUserController,53,11,0,0,12,4,1,1,1,1
coverage/vip-api,fr.insalyon.creatis.vip.api.controller,RefreshTokenController,22,6,2,0,5,3,2,1,1,1
coverage/vip-api,fr.insalyon.creatis.vip.api.controller,ApiKeyController,94,14,2,0,23,5,5,1,4,1
coverage/vip-api,fr.insalyon.creatis.vip.api.controller,ExternalPlatformController,17,11,0,0,4,4,1,1,1,1
coverage/vip-api,fr.insalyon.creatis.vip.api.controller,ApiController,9,41,0,2,1,8,1,5,1,4
coverage/vip-api,fr.insalyon.creatis.vip.api.controller,RestExceptionHandler,133,8,2,0,28,2,9,1,8,1
coverage/vip-api,fr.insalyon.creatis.vip.api.controller,AuthenticationController,77,14,2,0,11,5,4,1,3,1
coverage/vip-api,fr.insalyon.creatis.vip.api.security.apikey,ApikeyAuthenticationToken,66,0,2,0,20,0,7,0,6,0
coverage/vip-api,fr.insalyon.creatis.vip.api.security.apikey,SpringApiPrincipal,17,21,2,0,5,7,6,5,5,5
coverage/vip-api,fr.insalyon.creatis.vip.api.security.apikey,ApikeyAuthenticationProvider,183,23,10,0,46,7,8,3,3,3
coverage/vip-api,fr.insalyon.creatis.vip.api.security.apikey,ApikeyAuthenticationFilter,58,44,1,1,17,14,1,3,0,3
coverage/vip-api,fr.insalyon.creatis.vip.api.exception,ApiException,15,9,0,0,6,4,3,2,3,2
coverage/vip-api,fr.insalyon.creatis.vip.api.exception,ApiException.ApiError,9,274,0,0,3,34,3,3,3,3
coverage/vip-api,fr.insalyon.creatis.vip.api.business,DataApiBusiness,1161,41,63,0,275,12,71,1,39,1
coverage/vip-api,fr.insalyon.creatis.vip.api.business,VipConfigurer,9,69,1,5,2,23,1,7,0,5
coverage/vip-api,fr.insalyon.creatis.vip.api.business,KeycloakBusiness,81,11,4,0,22,4,3,1,1,1
coverage/vip-api,fr.insalyon.creatis.vip.api.business,StatsApiBusiness,311,18,8,0,75,6,21,1,17,1
coverage/vip-api,fr.insalyon.creatis.vip.api.business,PipelineBusiness,408,69,33,3,84,18,30,2,12,2
coverage/vip-api,fr.insalyon.creatis.vip.api.business,ApiBusiness,116,14,4,0,28,5,7,1,5,1
coverage/vip-api,fr.insalyon.creatis.vip.api.business,ExecutionBusiness,874,89,84,6,202,22,60,5,15,3
coverage/vip-api,fr.insalyon.creatis.vip.api.business,ApiUserBusiness,90,17,2,0,23,6,4,1,3,1
coverage/vip-api,fr.insalyon.creatis.vip.api.controller.processing,ExecutionController,318,14,10,0,53,5,17,1,12,1
coverage/vip-api,fr.insalyon.creatis.vip.api.controller.processing,PipelineController,74,27,2,0,16,6,5,2,4,2
coverage/vip-api,fr.insalyon.creatis.vip.api.controller.processing,PublicationController,17,11,0,0,4,4,1,1,1,1
coverage/vip-api,fr.insalyon.creatis.vip.api.security.egi,EgiSecurityClientConfig,0,87,0,0,0,18,0,3,0,3
coverage/vip-api,fr.insalyon.creatis.vip.api.controller.stats,StatsController,305,11,2,0,41,4,16,1,15,1
coverage/vip-api,fr.insalyon.creatis.vip.api.model,ExistsApiResponse,16,0,0,0,8,0,4,0,4,0
coverage/vip-api,fr.insalyon.creatis.vip.api.model,Pipeline,45,0,0,0,17,0,9,0,9,0
coverage/vip-api,fr.insalyon.creatis.vip.api.model,AuthenticationInfo,17,0,0,0,7,0,5,0,5,0
coverage/vip-api,fr.insalyon.creatis.vip.api.model,Execution,138,0,2,0,54,0,28,0,27,0
coverage/vip-api,fr.insalyon.creatis.vip.api.model,ExecutionStatus,132,0,4,0,16,0,6,0,4,0
coverage/vip-api,fr.insalyon.creatis.vip.api.model,SignUpUserDTO,62,30,0,0,27,11,18,1,18,1
coverage/vip-api,fr.insalyon.creatis.vip.api.model,UploadDataType,39,0,0,0,5,0,3,0,3,0
coverage/vip-api,fr.insalyon.creatis.vip.api.model,AuthenticationCredentials,17,0,0,0,7,0,5,0,5,0
coverage/vip-api,fr.insalyon.creatis.vip.api.model,PlatformProperties,12,82,0,0,6,34,3,24,3,24
coverage/vip-api,fr.insalyon.creatis.vip.api.model,PathProperties,52,0,0,0,22,0,15,0,15,0
coverage/vip-api,fr.insalyon.creatis.vip.api.model,SupportedTransferProtocol,4,78,0,0,1,9,1,2,1,2
coverage/vip-api,fr.insalyon.creatis.vip.api.model,DeleteExecutionConfiguration,10,0,0,0,4,0,3,0,3,0
coverage/vip-api,fr.insalyon.creatis.vip.api.model,UploadData,24,0,0,0,10,0,7,0,7,0
coverage/vip-api,fr.insalyon.creatis.vip.api.model,ErrorCodeAndMessage,17,15,0,0,8,6,4,3,4,3
coverage/vip-api,fr.insalyon.creatis.vip.api.model,PipelineParameter,42,0,0,0,15,0,8,0,8,0
coverage/vip-api,fr.insalyon.creatis.vip.api.model,ParameterType,72,0,2,0,3,0,3,0,2,0
coverage/vip-api,fr.insalyon.creatis.vip.api.model,ResetPasswordDTO,24,0,0,0,10,0,7,0,7,0
coverage/vip-api,fr.insalyon.creatis.vip.api.model,Module,29,70,4,0,4,10,3,3,1,3
coverage/vip-api,fr.insalyon.creatis.vip.api.model,EmailDTO,10,0,0,0,4,0,3,0,3,0
coverage/vip-api,fr.insalyon.creatis.vip.api.model.stats,UsersNumber,36,0,0,0,15,0,8,0,8,0
coverage/vip-api,fr.insalyon.creatis.vip.api.model.stats,StatUser,76,0,0,0,31,0,16,0,16,0
coverage/vip-api,fr.insalyon.creatis.vip.api.model.stats,UsersList,28,0,0,0,11,0,6,0,6,0
coverage/vip-api,fr.insalyon.creatis.vip.api,SpringWebConfig,0,73,0,0,0,17,0,7,0,7
coverage/vip-api,fr.insalyon.creatis.vip.api,ApiPropertiesInitializer,17,138,1,1,4,31,1,4,0,4
coverage/vip-application,fr.insalyon.creatis.vip.application.server.dao.mysql,EngineData,180,72,4,2,42,18,5,5,3,4
coverage/vip-application,fr.insalyon.creatis.vip.application.server.dao.mysql,ApplicationInputData,557,12,12,0,131,4,15,2,9,2
coverage/vip-application,fr.insalyon.creatis.vip.application.server.dao.mysql,ApplicationDataInitializer,0,73,0,0,0,16,0,2,0,2
coverage/vip-application,fr.insalyon.creatis.vip.application.server.dao.mysql,ClassData,407,197,21,11,86,53,18,9,4,6
coverage/vip-application,fr.insalyon.creatis.vip.application.server.dao.mysql,ApplicationData,1001,287,40,12,232,81,36,12,14,8
coverage/vip-application,fr.insalyon.creatis.vip.application.server.business.simulation.parser,InputParser,170,0,22,0,44,0,16,0,5,0
coverage/vip-application,fr.insalyon.creatis.vip.application.server.business.simulation.parser,ScuflParser,24,0,2,0,6,0,3,0,2,0
coverage/vip-application,fr.insalyon.creatis.vip.application.server.business.simulation.parser,AbstractWorkflowParser,7,40,0,0,1,9,1,3,1,3
coverage/vip-application,fr.insalyon.creatis.vip.application.server.business.simulation.parser,InputM2Parser,133,121,15,11,39,32,8,11,0,6
coverage/vip-application,fr.insalyon.creatis.vip.application.server.business.simulation.parser,GwendiaParser,0,112,0,14,0,26,0,11,0,4
coverage/vip-application,fr.insalyon.creatis.vip.application.client.bean,AppVersion,6,51,0,0,3,17,2,8,2,8
coverage/vip-application,fr.insalyon.creatis.vip.application.client.bean,Simulation,46,37,0,0,15,14,12,3,12,3
coverage/vip-application,fr.insalyon.creatis.vip.application.client.bean,ExpeSummaryTriple,24,0,0,0,9,0,5,0,5,0
coverage/vip-application,fr.insalyon.creatis.vip.application.client.bean,Application,28,56,0,0,10,18,5,9,5,9
coverage/vip-application,fr.insalyon.creatis.vip.application.client.bean,ApplicationStatus,24,0,0,0,11,0,7,0,7,0
coverage/vip-application,fr.insalyon.creatis.vip.application.client.bean,Descriptor,14,12,0,0,7,5,4,2,4,2
coverage/vip-application,fr.insalyon.creatis.vip.application.client.bean,InOutData,28,0,0,0,12,0,6,0,6,0
coverage/vip-application,fr.insalyon.creatis.vip.application.client.bean,ExpeSummaryEntity,18,0,0,0,7,0,4,0,4,0
coverage/vip-application,fr.insalyon.creatis.vip.application.client.bean,Engine,7,21,0,0,4,8,2,4,2,4
coverage/vip-application,fr.insalyon.creatis.vip.application.client.bean,Activity,36,0,0,0,14,0,7,0,7,0
coverage/vip-application,fr.insalyon.creatis.vip.application.client.bean,AppClass,9,21,0,0,4,8,2,4,2,4
coverage/vip-application,fr.insalyon.creatis.vip.application.client.bean,Job,36,0,0,0,16,0,8,0,8,0
coverage/vip-application,fr.insalyon.creatis.vip.application.client.bean,Task,111,0,0,0,46,0,22,0,22,0
coverage/vip-application,fr.insalyon.creatis.vip.application.client.bean,Source,40,38,0,0,14,14,10,4,10,4
coverage/vip-application,fr.insalyon.creatis.vip.application.client.bean,Node,54,0,0,0,20,0,10,0,10,0
coverage/vip-application,fr.insalyon.creatis.vip.application.client.bean,SimulationInput,24,0,0,0,10,0,5,0,5,0
coverage/vip-application,fr.insalyon.creatis.vip.application.client.bean.boutiquesTools,BoutiquesInput,47,48,0,0,19,17,14,6,14,6
coverage/vip-application,fr.insalyon.creatis.vip.application.client.bean.boutiquesTools,BoutiquesOutputFile,66,0,0,0,28,0,19,0,19,0
coverage/vip-application,fr.insalyon.creatis.vip.application.client.bean.boutiquesTools,BoutiquesFlagInput,31,0,0,0,10,0,7,0,7,0
coverage/vip-application,fr.insalyon.creatis.vip.application.client.bean.boutiquesTools,BoutiquesNumberInput,52,0,0,0,16,0,8,0,8,0
coverage/vip-application,fr.insalyon.creatis.vip.application.client.bean.boutiquesTools,BoutiquesStringInput,7,19,0,0,4,4,2,2,2,2
coverage/vip-application,fr.insalyon.creatis.vip.application.client.bean.boutiquesTools,BoutiquesApplicationExtensions,58,0,0,0,15,0,7,0,7,0
coverage/vip-application,fr.insalyon.creatis.vip.application.client.bean.boutiquesTools,BoutiquesApplication,204,59,4,0,55,17,42,8,40,8
coverage/vip-application,fr.insalyon.creatis.vip.application.client.bean.boutiquesTools,BoutiquesGroup,36,0,0,0,14,0,7,0,7,0
coverage/vip-application,fr.insalyon.creatis.vip.application.client.bean.boutiquesTools,BoutiquesInput.InputType,0,59,0,0,0,6,0,3,0,3
coverage/vip-application,fr.insalyon.creatis.vip.application.server.business,WorkflowBusiness,1628,71,117,0,385,24,92,2,32,2
coverage/vip-application,fr.insalyon.creatis.vip.application.server.business,WorkflowExecutionBusiness,167,0,2,0,41,0,8,0,7,0
coverage/vip-application,fr.insalyon.creatis.vip.application.server.business,EngineBusiness,36,16,0,0,14,7,2,3,2,3
coverage/vip-application,fr.insalyon.creatis.vip.application.server.business,SimulationBusiness,619,14,52,0,142,5,49,1,19,1
coverage/vip-application,fr.insalyon.creatis.vip.application.server.business,ApplicationBusiness,304,193,12,4,84,45,24,16,17,15
coverage/vip-application,fr.insalyon.creatis.vip.application.server.business,ClassBusiness,105,18,4,0,30,7,8,3,6,3
coverage/vip-application,fr.insalyon.creatis.vip.application.server.business,BoutiquesBusiness.CommandErrorException,12,0,0,0,4,0,2,0,2,0
coverage/vip-application,fr.insalyon.creatis.vip.application.server.business,BoutiquesBusiness,289,17,14,0,71,6,17,1,10,1
coverage/vip-application,fr.insalyon.creatis.vip.application.server.business,InputBusiness,120,9,0,0,39,4,10,1,10,1
coverage/vip-application,fr.insalyon.creatis.vip.application.server.business.util,ProxyUtil,55,0,2,0,14,0,4,0,3,0
coverage/vip-application,fr.insalyon.creatis.vip.application.server.business.util,FileUtil,50,0,4,0,12,0,5,0,3,0
coverage/vip-application,fr.insalyon.creatis.vip.application.server.dao.h2,ExecutionNodeData,90,0,0,0,18,0,2,0,2,0
coverage/vip-application,fr.insalyon.creatis.vip.application.server.dao.h2,AbstractJobData,104,0,2,0,32,0,6,0,5,0
coverage/vip-application,fr.insalyon.creatis.vip.application.server.dao.h2,SimulationData,870,0,58,0,207,0,47,0,18,0
coverage/vip-application,fr.insalyon.creatis.vip.application.server.dao.hibernate,SimulationStatsData,774,11,16,0,147,4,12,1,4,1
coverage/vip-application,fr.insalyon.creatis.vip.application.server,SpringApplicationConfig,31,0,0,0,8,0,8,0,8,0
coverage/vip-application,fr.insalyon.creatis.vip.application.server.business.simulation,WebServiceEngine,178,0,5,0,45,0,14,0,10,0
coverage/vip-application,fr.insalyon.creatis.vip.application.server.business.simulation,ParameterSweep,23,0,0,0,8,0,4,0,4,0
coverage/vip-application,fr.insalyon.creatis.vip.application.server.business.simulation,WebServiceEngine.MoteurStatus,44,0,0,0,2,0,1,0,1,0
coverage/vip-application,fr.insalyon.creatis.vip.application.server.business.simulation,WorkflowEngineInstantiator,121,0,8,0,33,0,11,0,7,0
coverage/vip-application-importer,fr.insalyon.creatis.vip.applicationimporter.server.business,TargzUtils,81,77,6,4,13,22,4,5,0,4
coverage/vip-application-importer,fr.insalyon.creatis.vip.applicationimporter.server.business,VelocityUtils,121,58,0,0,26,14,3,2,3,2
coverage/vip-application-importer,fr.insalyon.creatis.vip.applicationimporter.server.business,ApplicationImporterBusiness,517,32,30,0,100,11,21,1,6,1
coverage/vip-core,fr.insalyon.creatis.vip.core.server.dao,DAOException,9,4,0,0,4,2,2,1,2,1
coverage/vip-core,fr.insalyon.creatis.vip.core.client.bean,Account,37,0,0,0,16,0,7,0,7,0
coverage/vip-core,fr.insalyon.creatis.vip.core.client.bean,TermsOfUse,23,9,0,0,11,4,5,2,5,2
coverage/vip-core,fr.insalyon.creatis.vip.core.client.bean,User,156,236,19,7,44,66,32,32,21,30
coverage/vip-core,fr.insalyon.creatis.vip.core.client.bean,Group,19,27,0,0,10,10,5,5,5,5
coverage/vip-core,fr.insalyon.creatis.vip.core.client.bean,UsageStats,26,0,0,0,12,0,6,0,6,0
coverage/vip-core,fr.insalyon.creatis.vip.core.server.business.proxy,ProxyClient.MyTrustManager,335,0,26,0,80,0,19,0,6,0
coverage/vip-core,fr.insalyon.creatis.vip.core.server.business.proxy,ProxyClient,970,32,78,0,241,11,55,1,16,1
coverage/vip-core,fr.insalyon.creatis.vip.core.server,SpringCoreConfig,9,131,1,7,2,35,1,15,0,12
coverage/vip-core,fr.insalyon.creatis.vip.core.server,DataSourceConfig,6,3,0,0,1,1,1,1,1,1
coverage/vip-core,fr.insalyon.creatis.vip.core.server.dao.mysql,UserData,1689,319,66,4,437,77,67,7,33,6
coverage/vip-core,fr.insalyon.creatis.vip.core.server.dao.mysql,TermsUseData,33,42,2,0,10,13,2,3,1,3
coverage/vip-core,fr.insalyon.creatis.vip.core.server.dao.mysql,TableInitializer,17,40,3,1,4,10,2,3,0,3
coverage/vip-core,fr.insalyon.creatis.vip.core.server.dao.mysql,CoreDataInitializer,24,155,4,4,8,40,4,5,0,5
coverage/vip-core,fr.insalyon.creatis.vip.core.server.dao.mysql,GroupData,118,82,2,2,31,21,3,5,2,4
coverage/vip-core,fr.insalyon.creatis.vip.core.server.dao.mysql,UsersGroupsData,491,37,28,0,118,12,21,3,7,3
coverage/vip-core,fr.insalyon.creatis.vip.core.server.business,BusinessException,21,8,0,0,8,4,4,2,4,2
coverage/vip-core,fr.insalyon.creatis.vip.core.server.business,SpringConfigServer.ReloadablePropertySource,21,0,0,0,5,0,2,0,2,0
coverage/vip-core,fr.insalyon.creatis.vip.core.server.business,VipSessionBusiness,338,14,24,0,81,5,23,1,11,1
coverage/vip-core,fr.insalyon.creatis.vip.core.server.business,StatsBusiness.UserSearchCriteria,35,0,0,0,13,0,9,0,9,0
coverage/vip-core,fr.insalyon.creatis.vip.core.server.business,ConfigurationBusiness,1644,456,95,19,418,108,99,18,46,14
coverage/vip-core,fr.insalyon.creatis.vip.core.server.business,EmailBusiness,35,11,0,0,6,4,1,1,1,1
coverage/vip-core,fr.insalyon.creatis.vip.core.server.business,SamlTokenValidator,215,0,18,0,55,0,17,0,8,0
coverage/vip-core,fr.insalyon.creatis.vip.core.server.business,SpringConfigServer,618,0,12,0,134,0,64,0,58,0
coverage/vip-core,fr.insalyon.creatis.vip.core.server.business,CoreUtil,12,18,4,2,4,5,4,2,1,2
coverage/vip-core,fr.insalyon.creatis.vip.core.server.business,StatsBusiness,22,6,0,0,6,3,2,1,2,1
coverage/vip-core,fr.insalyon.creatis.vip.core.server.auth,SamlAuthenticationService,221,0,12,0,51,0,11,0,5,0
coverage/vip-core,fr.insalyon.creatis.vip.core.server.auth,AbstractAuthenticationService,230,0,6,0,78,0,15,0,12,0
coverage/vip-datamanager,fr.insalyon.creatis.vip.datamanager.server.business,ShanoirStorageBusiness,223,8,14,0,37,2,12,1,5,1
coverage/vip-datamanager,fr.insalyon.creatis.vip.datamanager.server.business,LfcPathsBusiness,228,184,15,21,51,40,16,12,6,4
coverage/vip-datamanager,fr.insalyon.creatis.vip.datamanager.server.business,ExternalPlatformBusiness.ParseResult,9,0,0,0,4,0,1,0,1,0
coverage/vip-datamanager,fr.insalyon.creatis.vip.datamanager.server.business,DataManagerBusiness,377,29,16,0,93,10,22,1,14,1
coverage/vip-datamanager,fr.insalyon.creatis.vip.datamanager.server.business,SrmStorageBusiness,59,11,4,0,15,4,5,1,3,1
coverage/vip-datamanager,fr.insalyon.creatis.vip.datamanager.server.business,TransferPoolBusiness,642,20,20,0,136,7,23,1,13,1
coverage/vip-datamanager,fr.insalyon.creatis.vip.datamanager.server.business,GirderStorageBusiness.HttpResult,9,0,0,0,4,0,1,0,1,0
coverage/vip-datamanager,fr.insalyon.creatis.vip.datamanager.server.business,ExternalPlatformBusiness,138,20,10,0,29,7,9,1,3,1
coverage/vip-datamanager,fr.insalyon.creatis.vip.datamanager.server.business,GirderStorageBusiness,326,14,16,0,66,5,19,1,11,1
coverage/vip-datamanager,fr.insalyon.creatis.vip.datamanager.server.business,LFCPermissionBusiness,163,149,33,19,39,35,26,7,2,5
coverage/vip-datamanager,fr.insalyon.creatis.vip.datamanager.server.business,ApiKeyBusiness,74,11,6,0,19,4,7,1,4,1
coverage/vip-datamanager,fr.insalyon.creatis.vip.datamanager.server.business,ShanoirStorageBusiness.UrlKeys,175,0,0,0,18,0,2,0,2,0
coverage/vip-datamanager,fr.insalyon.creatis.vip.datamanager.server.business,LFCPermissionBusiness.LFCAccessType,0,34,0,0,0,2,0,1,0,1
coverage/vip-datamanager,fr.insalyon.creatis.vip.datamanager.server.business,LFCBusiness,379,14,12,0,70,5,13,1,7,1
coverage/vip-datamanager,fr.insalyon.creatis.vip.datamanager.client.bean,PoolOperation,64,0,0,0,24,0,12,0,12,0
coverage/vip-datamanager,fr.insalyon.creatis.vip.datamanager.client.bean,DMCachedFile,36,0,0,0,14,0,7,0,7,0
coverage/vip-datamanager,fr.insalyon.creatis.vip.datamanager.client.bean,SSH,148,0,0,0,54,0,27,0,27,0
coverage/vip-datamanager,fr.insalyon.creatis.vip.datamanager.client.bean,TransferType,34,0,0,0,4,0,1,0,1,0
coverage/vip-datamanager,fr.insalyon.creatis.vip.datamanager.client.bean,ExternalPlatform.Type,34,0,0,0,4,0,1,0,1,0
coverage/vip-datamanager,fr.insalyon.creatis.vip.datamanager.client.bean,DMZombieFile,18,0,0,0,8,0,4,0,4,0
coverage/vip-datamanager,fr.insalyon.creatis.vip.datamanager.client.bean,UserApiKey,47,0,0,0,16,0,9,0,9,0
coverage/vip-datamanager,fr.insalyon.creatis.vip.datamanager.client.bean,Data.Type,44,0,0,0,2,0,1,0,1,0
coverage/vip-datamanager,fr.insalyon.creatis.vip.datamanager.client.bean,Data,57,0,0,0,20,0,10,0,10,0
coverage/vip-datamanager,fr.insalyon.creatis.vip.datamanager.client.bean,PoolOperation.Status,54,0,0,0,2,0,1,0,1,0
coverage/vip-datamanager,fr.insalyon.creatis.vip.datamanager.client.bean,ExternalPlatform,52,0,0,0,22,0,15,0,15,0
coverage/vip-datamanager,fr.insalyon.creatis.vip.datamanager.client.bean,PoolOperation.Type,34,0,0,0,2,0,1,0,1,0
coverage/vip-datamanager,fr.insalyon.creatis.vip.datamanager.server,DataManagerUtil,48,0,2,0,8,0,5,0,4,0
coverage/vip-datamanager,fr.insalyon.creatis.vip.datamanager.server.dao.mysql,DataManagerDataInitializer,0,45,0,0,0,12,0,2,0,2
coverage/vip-datamanager,fr.insalyon.creatis.vip.datamanager.server.dao.mysql,ApiKeysData,199,12,4,0,48,4,6,2,4,2
coverage/vip-datamanager,fr.insalyon.creatis.vip.datamanager.server.dao.mysql,ExternalPlatformData,174,12,4,0,42,4,5,2,3,2
coverage/vip-datamanager,fr.insalyon.creatis.vip.datamanager.server.dao.mysql,SSHData,505,12,12,0,106,4,12,2,6,2
coverage/vip-gatelab,fr.insalyon.creatis.vip.gatelab.server.dao.derby,GateLabData,94,0,4,0,27,0,5,0,3,0
coverage/vip-gatelab,fr.insalyon.creatis.vip.gatelab.server.business,GateLabBusiness,129,23,4,0,37,8,9,1,7,1
coverage/vip-gatelab,fr.insalyon.creatis.vip.gatelab.server.business,GateLabInputsParser,97,0,8,0,26,0,9,0,5,0
coverage/vip-gatelab,fr.insalyon.creatis.vip.gatelab.server.business,GateLabInputs,125,0,2,0,31,0,7,0,6,0
coverage/vip-publication,fr.insalyon.creatis.vip.publication.client.bean,Publication,69,81,0,0,31,29,12,10,12,10
coverage/vip-publication,fr.insalyon.creatis.vip.publication.server.business,PublicationBusiness,47,25,0,0,17,9,3,3,3,3
coverage/vip-publication,fr.insalyon.creatis.vip.publication.server.dao,PublicationDataInitializer,0,25,0,0,0,8,0,2,0,2
coverage/vip-publication,fr.insalyon.creatis.vip.publication.server.dao.mysql,PublicationData,205,126,2,2,44,27,4,5,3,4
coverage/vip-social,fr.insalyon.creatis.vip.social.client.bean,Message,70,0,0,0,22,0,11,0,11,0
coverage/vip-social,fr.insalyon.creatis.vip.social.client.bean,GroupMessage,48,0,0,0,18,0,9,0,9,0
coverage/vip-social,fr.insalyon.creatis.vip.social.server.business,MessageBusiness,306,94,17,5,77,18,20,4,11,2
coverage/vip-social,fr.insalyon.creatis.vip.social.server.dao.mysql,MessagingDataInitializer,0,37,0,0,0,10,0,2,0,2
coverage/vip-social,fr.insalyon.creatis.vip.social.server.dao.mysql,MessageData,449,83,10,0,95,24,11,3,6,3
coverage/vip-social,fr.insalyon.creatis.vip.social.server.dao.mysql,GroupMessageData,188,14,2,0,41,5,4,1,3,1
coverage/vip-visualization,fr.insalyon.creatis.vip.visualization.server.business,VisualizationBusiness.FilenameAndExtension,9,0,0,0,4,0,1,0,1,0
coverage/vip-visualization,fr.insalyon.creatis.vip.visualization.server.business,VisualizationBusiness,352,17,8,0,78,6,14,1,10,1
coverage/vip-visualization,fr.insalyon.creatis.vip.visualization.client.bean,Image,24,0,0,0,9,0,5,0,5,0
coverage/vip-visualization,fr.insalyon.creatis.vip.visualization.client.bean,VisualizationItem,26,0,0,0,11,0,6,0,6,0
